<?xml version="1.0" encoding="UTF-8"?>
<!-- Generated by org.testng.reporters.JUnitXMLReporter -->
<testsuite hostname="PriyankaSahni.local" ignored="0" name="Default test" tests="7" failures="0" timestamp="20 Apr 2020 13:22:45 GMT" time="42.714" errors="0">
  <testcase name="loginToSite" time="16.812" classname="com.shopping.Login"/>
  <testcase name="verifyheadings" time="0.072" classname="com.shopping.homepage"/>
  <testcase name="navigateToProduct" time="4.543" classname="com.shopping.productpage"/>
  <testcase name="productPopUp" time="10.231" classname="com.shopping.productpage"/>
  <testcase name="productDetailverify" time="0.35" classname="com.shopping.productpage"/>
  <testcase name="productToCart" time="8.105" classname="com.shopping.productpage"/>
  <testcase name="productToCartPopUp" time="2.571" classname="com.shopping.productpage"/>
</testsuite> <!-- Default test -->
