<?xml version="1.0" encoding="UTF-8"?>
<testng-results skipped="0" failed="0" ignored="0" total="0" passed="0">
  <reporter-output>
  </reporter-output>
  <suite name="com.shoping.com.shoping.AppTest" duration-ms="4" started-at="2020-04-08T14:04:54Z" finished-at="2020-04-08T14:04:54Z">
    <groups>
    </groups>
    <test name="Command line test" duration-ms="4" started-at="2020-04-08T14:04:54Z" finished-at="2020-04-08T14:04:54Z">
    </test> <!-- Command line test -->
  </suite> <!-- com.shoping.com.shoping.AppTest -->
</testng-results>
