<?xml version="1.0" encoding="UTF-8"?>
<testng-results skipped="0" failed="0" ignored="0" total="1" passed="1">
  <reporter-output>
  </reporter-output>
  <suite name="com.shoping.com.shoping.AppTest" duration-ms="26" started-at="2020-04-17T18:03:05Z" finished-at="2020-04-17T18:03:06Z">
    <groups>
    </groups>
    <test name="Command line test" duration-ms="26" started-at="2020-04-17T18:03:05Z" finished-at="2020-04-17T18:03:06Z">
      <class name="com.shoping.com.shoping.AppTest">
        <test-method status="PASS" signature="testApp()[pri:0, instance:com.shoping.com.shoping.AppTest@1554909b]" name="testApp" duration-ms="4" started-at="2020-04-17T18:03:06Z" finished-at="2020-04-17T18:03:06Z">
          <reporter-output>
          </reporter-output>
        </test-method> <!-- testApp -->
      </class> <!-- com.shoping.com.shoping.AppTest -->
    </test> <!-- Command line test -->
  </suite> <!-- com.shoping.com.shoping.AppTest -->
</testng-results>
